{"F:\\Namaste-React\\src\\components\\Contact.js": {"path":"F:\\Namaste-React\\src\\components\\Contact.js","statementMap":{"0":{"start":{"line":1,"column":16},"end":{"line":18,"column":1}},"1":{"start":{"line":2,"column":2},"end":{"line":17,"column":4}}},"fnMap":{"0":{"name":"(anonymous_0)","decl":{"start":{"line":1,"column":16},"end":{"line":1,"column":17}},"loc":{"start":{"line":1,"column":22},"end":{"line":18,"column":1}},"line":1}},"branchMap":{},"s":{"0":1,"1":3},"f":{"0":3},"b":{},"_coverageSchema":"1a1c01bbd47fc00a2c39e90264f33305004495a9","hash":"8f21f27fa9d25604df1c8bb4d945b1c5e92aaa1c"}
,"F:\\Namaste-React\\src\\components\\Header.js": {"path":"F:\\Namaste-React\\src\\components\\Header.js","statementMap":{"0":{"start":{"line":9,"column":15},"end":{"line":38,"column":1}},"1":{"start":{"line":10,"column":20},"end":{"line":10,"column":60}},"2":{"start":{"line":10,"column":43},"end":{"line":10,"column":59}},"3":{"start":{"line":12,"column":2},"end":{"line":37,"column":4}}},"fnMap":{"0":{"name":"(anonymous_0)","decl":{"start":{"line":9,"column":15},"end":{"line":9,"column":16}},"loc":{"start":{"line":9,"column":21},"end":{"line":38,"column":1}},"line":9},"1":{"name":"(anonymous_1)","decl":{"start":{"line":10,"column":32},"end":{"line":10,"column":33}},"loc":{"start":{"line":10,"column":43},"end":{"line":10,"column":59}},"line":10}},"branchMap":{"0":{"loc":{"start":{"line":31,"column":18},"end":{"line":31,"column":62}},"type":"cond-expr","locations":[{"start":{"line":31,"column":41},"end":{"line":31,"column":57}},{"start":{"line":31,"column":60},"end":{"line":31,"column":62}}],"line":31}},"s":{"0":1,"1":2,"2":4,"3":2},"f":{"0":2,"1":4},"b":{"0":[0,2]},"_coverageSchema":"1a1c01bbd47fc00a2c39e90264f33305004495a9","hash":"fede662d94ac90a9904436ce1b7984ecebfaca82"}
,"F:\\Namaste-React\\src\\components\\RestrauntMenu.js": {"path":"F:\\Namaste-React\\src\\components\\RestrauntMenu.js","statementMap":{"0":{"start":{"line":6,"column":23},"end":{"line":32,"column":1}},"1":{"start":{"line":7,"column":20},"end":{"line":7,"column":39}},"2":{"start":{"line":8,"column":19},"end":{"line":8,"column":30}},"3":{"start":{"line":10,"column":2},"end":{"line":31,"column":4}},"4":{"start":{"line":15,"column":8},"end":{"line":28,"column":15}}},"fnMap":{"0":{"name":"(anonymous_0)","decl":{"start":{"line":6,"column":23},"end":{"line":6,"column":24}},"loc":{"start":{"line":6,"column":29},"end":{"line":32,"column":1}},"line":6},"1":{"name":"(anonymous_1)","decl":{"start":{"line":14,"column":19},"end":{"line":14,"column":20}},"loc":{"start":{"line":15,"column":8},"end":{"line":28,"column":15}},"line":15}},"branchMap":{"0":{"loc":{"start":{"line":10,"column":9},"end":{"line":31,"column":3}},"type":"cond-expr","locations":[{"start":{"line":11,"column":4},"end":{"line":11,"column":15}},{"start":{"line":13,"column":4},"end":{"line":30,"column":10}}],"line":10}},"s":{"0":1,"1":2,"2":1,"3":1,"4":0},"f":{"0":2,"1":0},"b":{"0":[1,0]},"_coverageSchema":"1a1c01bbd47fc00a2c39e90264f33305004495a9","hash":"6a96ba4f298f09c7d51396de896db527519d1ff3"}
,"F:\\Namaste-React\\src\\components\\Shimmer.js": {"path":"F:\\Namaste-React\\src\\components\\Shimmer.js","statementMap":{"0":{"start":{"line":1,"column":16},"end":{"line":282,"column":1}},"1":{"start":{"line":2,"column":2},"end":{"line":281,"column":4}}},"fnMap":{"0":{"name":"(anonymous_0)","decl":{"start":{"line":1,"column":16},"end":{"line":1,"column":17}},"loc":{"start":{"line":1,"column":30},"end":{"line":282,"column":1}},"line":1}},"branchMap":{},"s":{"0":1,"1":1},"f":{"0":1},"b":{},"_coverageSchema":"1a1c01bbd47fc00a2c39e90264f33305004495a9","hash":"07faca11a9ef75583b86de6b712d321cdfd34607"}
,"F:\\Namaste-React\\src\\components\\Sum.js": {"path":"F:\\Namaste-React\\src\\components\\Sum.js","statementMap":{"0":{"start":{"line":1,"column":12},"end":{"line":3,"column":1}},"1":{"start":{"line":2,"column":2},"end":{"line":2,"column":15}}},"fnMap":{"0":{"name":"(anonymous_0)","decl":{"start":{"line":1,"column":12},"end":{"line":1,"column":13}},"loc":{"start":{"line":1,"column":22},"end":{"line":3,"column":1}},"line":1}},"branchMap":{},"s":{"0":1,"1":1},"f":{"0":1},"b":{},"_coverageSchema":"1a1c01bbd47fc00a2c39e90264f33305004495a9","hash":"aacfc6a82c50651496e662b43625ecced2a155aa"}
,"F:\\Namaste-React\\src\\utils\\mockData.js": {"path":"F:\\Namaste-React\\src\\utils\\mockData.js","statementMap":{"0":{"start":{"line":1,"column":17},"end":{"line":21,"column":1}}},"fnMap":{},"branchMap":{},"s":{"0":1},"f":{},"b":{},"_coverageSchema":"1a1c01bbd47fc00a2c39e90264f33305004495a9","hash":"c92d2c8c5d7b47c3c908a9003b403de52940ef0d"}
,"F:\\Namaste-React\\src\\utils\\useRestaurantMenu.js": {"path":"F:\\Namaste-React\\src\\utils\\useRestaurantMenu.js","statementMap":{"0":{"start":{"line":4,"column":26},"end":{"line":32,"column":1}},"1":{"start":{"line":5,"column":30},"end":{"line":5,"column":44}},"2":{"start":{"line":6,"column":19},"end":{"line":6,"column":30}},"3":{"start":{"line":7,"column":2},"end":{"line":29,"column":9}},"4":{"start":{"line":9,"column":16},"end":{"line":11,"column":7}},"5":{"start":{"line":12,"column":17},"end":{"line":12,"column":33}},"6":{"start":{"line":13,"column":6},"end":{"line":21,"column":8}},"7":{"start":{"line":17,"column":14},"end":{"line":18,"column":74}},"8":{"start":{"line":20,"column":25},"end":{"line":20,"column":44}},"9":{"start":{"line":22,"column":6},"end":{"line":26,"column":8}},"10":{"start":{"line":24,"column":31},"end":{"line":24,"column":37}},"11":{"start":{"line":25,"column":25},"end":{"line":25,"column":44}},"12":{"start":{"line":28,"column":4},"end":{"line":28,"column":16}},"13":{"start":{"line":31,"column":2},"end":{"line":31,"column":27}}},"fnMap":{"0":{"name":"(anonymous_0)","decl":{"start":{"line":4,"column":26},"end":{"line":4,"column":27}},"loc":{"start":{"line":4,"column":32},"end":{"line":32,"column":1}},"line":4},"1":{"name":"(anonymous_1)","decl":{"start":{"line":7,"column":12},"end":{"line":7,"column":13}},"loc":{"start":{"line":7,"column":18},"end":{"line":29,"column":3}},"line":7},"2":{"name":"fetchdata","decl":{"start":{"line":8,"column":19},"end":{"line":8,"column":28}},"loc":{"start":{"line":8,"column":31},"end":{"line":27,"column":5}},"line":8},"3":{"name":"(anonymous_3)","decl":{"start":{"line":16,"column":12},"end":{"line":16,"column":13}},"loc":{"start":{"line":17,"column":14},"end":{"line":18,"column":74}},"line":17},"4":{"name":"(anonymous_4)","decl":{"start":{"line":20,"column":15},"end":{"line":20,"column":16}},"loc":{"start":{"line":20,"column":25},"end":{"line":20,"column":44}},"line":20},"5":{"name":"(anonymous_5)","decl":{"start":{"line":24,"column":18},"end":{"line":24,"column":19}},"loc":{"start":{"line":24,"column":31},"end":{"line":24,"column":37}},"line":24},"6":{"name":"(anonymous_6)","decl":{"start":{"line":25,"column":15},"end":{"line":25,"column":16}},"loc":{"start":{"line":25,"column":25},"end":{"line":25,"column":44}},"line":25}},"branchMap":{},"s":{"0":1,"1":2,"2":1,"3":1,"4":1,"5":1,"6":1,"7":0,"8":0,"9":1,"10":0,"11":0,"12":1,"13":1},"f":{"0":2,"1":1,"2":1,"3":0,"4":0,"5":0,"6":0},"b":{},"_coverageSchema":"1a1c01bbd47fc00a2c39e90264f33305004495a9","hash":"14eb50ea546e384c9801abb5ce1bbe9345b74e9e"}
,"F:\\Namaste-React\\src\\utils\\Redux\\appStore.js": {"path":"F:\\Namaste-React\\src\\utils\\Redux\\appStore.js","statementMap":{"0":{"start":{"line":4,"column":14},"end":{"line":8,"column":2}}},"fnMap":{},"branchMap":{},"s":{"0":1},"f":{},"b":{},"_coverageSchema":"1a1c01bbd47fc00a2c39e90264f33305004495a9","hash":"0527ba3b8705ec6b8b12beab46385e85fa0f261c"}
,"F:\\Namaste-React\\src\\utils\\Redux\\cartSlice.js": {"path":"F:\\Namaste-React\\src\\utils\\Redux\\cartSlice.js","statementMap":{"0":{"start":{"line":3,"column":18},"end":{"line":19,"column":2}},"1":{"start":{"line":10,"column":6},"end":{"line":10,"column":39}},"2":{"start":{"line":13,"column":6},"end":{"line":13,"column":38}},"3":{"start":{"line":16,"column":6},"end":{"line":16,"column":29}},"4":{"start":{"line":21,"column":50},"end":{"line":21,"column":67}}},"fnMap":{"0":{"name":"(anonymous_0)","decl":{"start":{"line":9,"column":13},"end":{"line":9,"column":14}},"loc":{"start":{"line":9,"column":32},"end":{"line":11,"column":5}},"line":9},"1":{"name":"(anonymous_1)","decl":{"start":{"line":12,"column":16},"end":{"line":12,"column":17}},"loc":{"start":{"line":12,"column":35},"end":{"line":14,"column":5}},"line":12},"2":{"name":"(anonymous_2)","decl":{"start":{"line":15,"column":15},"end":{"line":15,"column":16}},"loc":{"start":{"line":15,"column":26},"end":{"line":17,"column":5}},"line":15}},"branchMap":{},"s":{"0":1,"1":0,"2":0,"3":0,"4":1},"f":{"0":0,"1":0,"2":0},"b":{},"_coverageSchema":"1a1c01bbd47fc00a2c39e90264f33305004495a9","hash":"8d0c867bdb3bd8051202adc3da99586fc205abff"}
}
